[debug] [2022-07-18T23:32:38.681Z] ----------------------------------------------------------------------
[debug] [2022-07-18T23:32:38.683Z] Command:       /usr/local/bin/node /usr/local/bin/firebase init
[debug] [2022-07-18T23:32:38.684Z] CLI Version:   11.3.0
[debug] [2022-07-18T23:32:38.684Z] Platform:      darwin
[debug] [2022-07-18T23:32:38.684Z] Node Version:  v18.6.0
[debug] [2022-07-18T23:32:38.686Z] Time:          Mon Jul 18 2022 16:32:38 GMT-0700 (Pacific Daylight Time)
[debug] [2022-07-18T23:32:38.686Z] ----------------------------------------------------------------------
[debug] 
[debug] [2022-07-18T23:32:38.693Z] > command requires scopes: ["email","openid","https://www.googleapis.com/auth/cloudplatformprojects.readonly","https://www.googleapis.com/auth/firebase","https://www.googleapis.com/auth/cloud-platform"]
[debug] [2022-07-18T23:32:38.693Z] > authorizing via signed-in user (gwanggyooh@gmail.com)
[info] 
     ######## #### ########  ######## ########     ###     ######  ########
     ##        ##  ##     ## ##       ##     ##  ##   ##  ##       ##
     ######    ##  ########  ######   ########  #########  ######  ######
     ##        ##  ##    ##  ##       ##     ## ##     ##       ## ##
     ##       #### ##     ## ######## ########  ##     ##  ######  ########

You're about to initialize a Firebase project in this directory:

  /Users/gwanggyooh/Documents/Summer/emotion-diary

[info] 
=== Project Setup
[info] 
[info] First, let's associate this project directory with a Firebase project.
[info] You can create multiple project aliases by running firebase use --add, 
[info] but for now we'll just set up a default project.
[info] 
[debug] [2022-07-18T23:36:27.898Z] >>> [apiv2][query] GET https://firebase.googleapis.com/v1beta1/projects pageSize=100
[debug] [2022-07-18T23:36:28.305Z] <<< [apiv2][status] GET https://firebase.googleapis.com/v1beta1/projects 200
[debug] [2022-07-18T23:36:28.306Z] <<< [apiv2][body] GET https://firebase.googleapis.com/v1beta1/projects [omitted]
[info] i  Using project gyo-react-project (gyo-react-project) 
[info] 
=== Hosting Setup
[info] 
[info] Your public directory is the folder (relative to your project directory) that
[info] will contain Hosting assets to be uploaded with firebase deploy. If you
[info] have a build process for your assets, use your build's output directory.
[info] 
[debug] [2022-07-18T23:36:57.144Z] >>> [apiv2][query] GET https://www.gstatic.com/firebasejs/releases.json [none]
[debug] [2022-07-18T23:36:57.208Z] <<< [apiv2][status] GET https://www.gstatic.com/firebasejs/releases.json 200
[debug] [2022-07-18T23:36:57.209Z] <<< [apiv2][body] GET https://www.gstatic.com/firebasejs/releases.json {"current":{"version":"9.9.0","browserURL":"https://www.gstatic.com/firebasejs/9.9.0/firebase.js","packageURL":"https://www.gstatic.com/firebasejs/9.9.0/firebase.tgz"},"live":{"version":"9.9","browserURL":"https://www.gstatic.com/firebasejs/live/9.9/firebase.js","packageURL":"https://www.gstatic.com/firebasejs/live/9.9/firebase.tgz"},"components":{"analytics":"https://www.gstatic.com/firebasejs/9.9.0/firebase-analytics.js","app":"https://www.gstatic.com/firebasejs/9.9.0/firebase-app.js","app-check":"https://www.gstatic.com/firebasejs/9.9.0/firebase-app-check.js","auth":"https://www.gstatic.com/firebasejs/9.9.0/firebase-auth.js","auth/cordova":"https://www.gstatic.com/firebasejs/9.9.0/firebase-auth/cordova.js","auth/react-native":"https://www.gstatic.com/firebasejs/9.9.0/firebase-auth/react-native.js","functions":"https://www.gstatic.com/firebasejs/9.9.0/firebase-functions.js","firestore":"https://www.gstatic.com/firebasejs/9.9.0/firebase-firestore.js","firestore/lite":"https://www.gstatic.com/firebasejs/9.9.0/firebase-firestore/lite.js","installations":"https://www.gstatic.com/firebasejs/9.9.0/firebase-installations.js","storage":"https://www.gstatic.com/firebasejs/9.9.0/firebase-storage.js","performance":"https://www.gstatic.com/firebasejs/9.9.0/firebase-performance.js","remote-config":"https://www.gstatic.com/firebasejs/9.9.0/firebase-remote-config.js","messaging":"https://www.gstatic.com/firebasejs/9.9.0/firebase-messaging.js","messaging/sw":"https://www.gstatic.com/firebasejs/9.9.0/firebase-messaging/sw.js","database":"https://www.gstatic.com/firebasejs/9.9.0/firebase-database.js","firestore.memory":"https://www.gstatic.com/firebasejs/9.9.0/firebase-firestore.memory.js"}}
[info] ✔  Wrote build/index.html 
[info] 
[info] i  Detected a .git folder at /Users/gwanggyooh/Documents/Summer/emotion-diary 
[info] i  Authorizing with GitHub to upload your service account to a GitHub repository's secrets store. 
[info] 
[info] Visit this URL on this device to log in:
[info] https://github.com/login/oauth/authorize?client_id=89cf50f02ac6aaed3484&state=409720860&redirect_uri=http%3A%2F%2Flocalhost%3A9005&scope=read%3Auser%20repo%20public_repo
[info] 
[info] Waiting for authentication...
[debug] [2022-07-18T23:37:34.493Z] >>> [apiv2][query] POST https://github.com/login/oauth/access_token [none]
[debug] [2022-07-18T23:37:34.493Z] >>> [apiv2][body] POST https://github.com/login/oauth/access_token [stream]
[debug] [2022-07-18T23:37:34.899Z] <<< [apiv2][status] POST https://github.com/login/oauth/access_token 200
[debug] [2022-07-18T23:37:34.899Z] <<< [apiv2][body] POST https://github.com/login/oauth/access_token {"access_token":"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","token_type":"bearer","scope":"read:user,repo"}
[debug] [2022-07-18T23:37:34.909Z] >>> [apiv2][query] GET https://api.github.com/user [none]
[debug] [2022-07-18T23:37:35.269Z] <<< [apiv2][status] GET https://api.github.com/user 200
[debug] [2022-07-18T23:37:35.269Z] <<< [apiv2][body] GET https://api.github.com/user {"login":"GyoOh","id":90816351,"node_id":"MDQ6VXNlcjkwODE2MzUx","avatar_url":"https://avatars.githubusercontent.com/u/90816351?v=4","gravatar_id":"","url":"https://api.github.com/users/GyoOh","html_url":"https://github.com/GyoOh","followers_url":"https://api.github.com/users/GyoOh/followers","following_url":"https://api.github.com/users/GyoOh/following{/other_user}","gists_url":"https://api.github.com/users/GyoOh/gists{/gist_id}","starred_url":"https://api.github.com/users/GyoOh/starred{/owner}{/repo}","subscriptions_url":"https://api.github.com/users/GyoOh/subscriptions","organizations_url":"https://api.github.com/users/GyoOh/orgs","repos_url":"https://api.github.com/users/GyoOh/repos","events_url":"https://api.github.com/users/GyoOh/events{/privacy}","received_events_url":"https://api.github.com/users/GyoOh/received_events","type":"User","site_admin":false,"name":null,"company":null,"blog":"","location":null,"email":null,"hireable":null,"bio":null,"twitter_username":null,"public_repos":13,"public_gists":0,"followers":0,"following":1,"created_at":"2021-09-16T03:50:41Z","updated_at":"2022-07-18T23:37:11Z","private_gists":0,"total_private_repos":13,"owned_private_repos":13,"disk_usage":26870,"collaborators":0,"two_factor_authentication":false,"plan":{"name":"free","space":976562499,"collaborators":0,"private_repos":10000}}
[info] 
[info] ✔  Success! Logged into GitHub as GyoOh 
[info] 
